Started POST "/" for 127.0.0.1 at 2017-11-09 23:22:15 +0100
  
ActionController::RoutingError (No route matches [POST] "/"):
  
actionpack (5.1.4) lib/action_dispatch/middleware/debug_exceptions.rb:63:in `call'
web-console (3.5.1) lib/web_console/middleware.rb:135:in `call_app'
web-console (3.5.1) lib/web_console/middleware.rb:28:in `block in call'
web-console (3.5.1) lib/web_console/middleware.rb:18:in `catch'
web-console (3.5.1) lib/web_console/middleware.rb:18:in `call'
actionpack (5.1.4) lib/action_dispatch/middleware/show_exceptions.rb:31:in `call'
railties (5.1.4) lib/rails/rack/logger.rb:36:in `call_app'
railties (5.1.4) lib/rails/rack/logger.rb:24:in `block in call'
activesupport (5.1.4) lib/active_support/tagged_logging.rb:69:in `block in tagged'
activesupport (5.1.4) lib/active_support/tagged_logging.rb:26:in `tagged'
activesupport (5.1.4) lib/active_support/tagged_logging.rb:69:in `tagged'
railties (5.1.4) lib/rails/rack/logger.rb:24:in `call'
sprockets-rails (3.2.1) lib/sprockets/rails/quiet_assets.rb:13:in `call'
actionpack (5.1.4) lib/action_dispatch/middleware/remote_ip.rb:79:in `call'
actionpack (5.1.4) lib/action_dispatch/middleware/request_id.rb:25:in `call'
rack (2.0.3) lib/rack/method_override.rb:22:in `call'
rack (2.0.3) lib/rack/runtime.rb:22:in `call'
activesupport (5.1.4) lib/active_support/cache/strategy/local_cache_middleware.rb:27:in `call'
actionpack (5.1.4) lib/action_dispatch/middleware/executor.rb:12:in `call'
actionpack (5.1.4) lib/action_dispatch/middleware/static.rb:125:in `call'
rack (2.0.3) lib/rack/sendfile.rb:111:in `call'
railties (5.1.4) lib/rails/engine.rb:522:in `call'
puma (3.10.0) lib/puma/configuration.rb:225:in `call'
puma (3.10.0) lib/puma/server.rb:605:in `handle_request'
puma (3.10.0) lib/puma/server.rb:437:in `process_client'
puma (3.10.0) lib/puma/server.rb:301:in `block in run'
puma (3.10.0) lib/puma/thread_pool.rb:120:in `block in spawn_thread'
Started GET "/" for 127.0.0.1 at 2017-11-09 23:22:23 +0100
Processing by HomeController#index as HTML
  Rendering home/index.html.erb within layouts/application
  Rendered home/index.html.erb within layouts/application (1.7ms)
Completed 200 OK in 1805ms (Views: 1576.2ms)


Started GET "/tweet?utf8=%E2%9C%93&tweeter=xtufcyigv&commit=Tweet" for 127.0.0.1 at 2017-11-09 23:22:29 +0100
Processing by HomeController#index as HTML
  Parameters: {"utf8"=>"✓", "tweeter"=>"xtufcyigv", "commit"=>"Tweet"}
Unpermitted parameters: :utf8, :commit
  Rendering home/index.html.erb within layouts/application
  Rendered home/index.html.erb within layouts/application (2.0ms)
Completed 200 OK in 542ms (Views: 54.4ms)


Started GET "/" for 127.0.0.1 at 2017-11-09 23:41:11 +0100
Processing by HomeController#index as HTML
  Rendering home/index.html.erb within layouts/application
  Rendered home/index.html.erb within layouts/application (2.9ms)
Completed 200 OK in 762ms (Views: 498.9ms)


Started GET "/" for 127.0.0.1 at 2017-11-09 23:44:18 +0100
Processing by HomeController#index as HTML
  Rendering home/index.html.erb within layouts/application
  Rendered home/index.html.erb within layouts/application (2.7ms)
Completed 200 OK in 682ms (Views: 420.0ms)


Started GET "/tweet?utf8=%E2%9C%93&tweeter=un+autre&commit=envoyer" for 127.0.0.1 at 2017-11-09 23:44:24 +0100
Processing by HomeController#index as HTML
  Parameters: {"utf8"=>"✓", "tweeter"=>"un autre", "commit"=>"envoyer"}
Unpermitted parameters: :utf8, :commit
  Rendering home/index.html.erb within layouts/application
  Rendered home/index.html.erb within layouts/application (1.6ms)
Completed 200 OK in 445ms (Views: 41.9ms)


Started GET "/" for 127.0.0.1 at 2017-11-09 23:47:38 +0100
Processing by HomeController#index as HTML
  Rendering home/index.html.erb within layouts/application
  Rendered home/index.html.erb within layouts/application (3.1ms)
Completed 200 OK in 689ms (Views: 427.9ms)


Started GET "/tweet?utf8=%E2%9C%93&tweeter=le+dernier&commit=envoyer" for 127.0.0.1 at 2017-11-09 23:47:43 +0100
Processing by HomeController#index as HTML
  Parameters: {"utf8"=>"✓", "tweeter"=>"le dernier", "commit"=>"envoyer"}
Unpermitted parameters: :utf8, :commit
  Rendering home/index.html.erb within layouts/application
  Rendered home/index.html.erb within layouts/application (2.2ms)
Completed 200 OK in 480ms (Views: 45.0ms)


